2020-07-18 13:14:13,527 [DEBUG] - declare 'pyecharts_js_extension' plugin manager
2020-07-18 13:14:13,527 [DEBUG] - scanning for plugins...
2020-07-18 13:14:13,639 [DEBUG] - register Pypkg
2020-07-18 13:14:13,639 [DEBUG] - found jupyter_echarts_pypkg
2020-07-18 13:14:13,639 [ERROR] - failed to import pyecharts_snapshot
Traceback (most recent call last):
  File "/Library/Python/2.7/site-packages/lml/utils.py", line 43, in do_import
    plugin_module = __import__(plugin_module_name)
ImportError: No module named pyecharts_snapshot
2020-07-18 13:14:13,639 [DEBUG] - pyecharts_snapshot
2020-07-18 13:14:13,639 [DEBUG] - No module named pyecharts_snapshot
2020-07-18 13:14:13,639 [DEBUG] - scanning done
2020-07-18 13:14:13,640 [DEBUG] - caching EchartsEnvironment
2020-07-18 13:14:13,641 [DEBUG] - declare 'pyecharts_environment' plugin manager
2020-07-18 13:14:13,641 [DEBUG] - load cached plugin info: EchartsEnvironment
2020-07-18 13:14:13,641 [DEBUG] - load None later
2020-07-18 13:14:13,773 [INFO] - [init] - Decode the AndroidManifest.xml file Successfully！
2020-07-18 13:14:14,441 [INFO] - [init] - Decompile the dex file Successfully.
2020-07-18 13:14:14,443 [INFO] - - [VulScanEngine]存在任意数据备份漏洞
2020-07-18 13:14:14,443 [INFO] - - [VulScanEngine]应用不可被调试->安全
2020-07-18 13:14:14,443 [INFO] - - [VulScanEngine] 该activity入口文件为：fridatest.test.com.myapplication.MainActivity
2020-07-18 13:14:14,449 [DEBUG] - Starting new HTTP connection (1): app.mi.com:80
2020-07-18 13:14:14,529 [DEBUG] - http://app.mi.com:80 "GET /details?id=fridatest.test.com.myapplication&ref=search HTTP/1.1" 302 56
2020-07-18 13:14:14,596 [DEBUG] - http://app.mi.com:80 "GET / HTTP/1.1" 200 None
2020-07-18 13:14:14,604 [DEBUG] - Starting new HTTP connection (1): app.mi.com:80
2020-07-18 13:14:14,678 [DEBUG] - http://app.mi.com:80 "GET /details?id=fridatest.test.com.myapplication&ref=search HTTP/1.1" 302 56
2020-07-18 13:14:14,746 [DEBUG] - http://app.mi.com:80 "GET / HTTP/1.1" 200 None
2020-07-18 13:14:14,772 [INFO] - [VulScanEngine] - 1 entry point found.
2020-07-18 13:33:31,112 [DEBUG] - declare 'pyecharts_js_extension' plugin manager
2020-07-18 13:33:31,113 [DEBUG] - scanning for plugins...
2020-07-18 13:33:31,195 [DEBUG] - register Pypkg
2020-07-18 13:33:31,195 [DEBUG] - found jupyter_echarts_pypkg
2020-07-18 13:33:31,195 [ERROR] - failed to import pyecharts_snapshot
Traceback (most recent call last):
  File "/Library/Python/2.7/site-packages/lml/utils.py", line 43, in do_import
    plugin_module = __import__(plugin_module_name)
ImportError: No module named pyecharts_snapshot
2020-07-18 13:33:31,195 [DEBUG] - pyecharts_snapshot
2020-07-18 13:33:31,195 [DEBUG] - No module named pyecharts_snapshot
2020-07-18 13:33:31,195 [DEBUG] - scanning done
2020-07-18 13:33:31,196 [DEBUG] - caching EchartsEnvironment
2020-07-18 13:33:31,196 [DEBUG] - declare 'pyecharts_environment' plugin manager
2020-07-18 13:33:31,196 [DEBUG] - load cached plugin info: EchartsEnvironment
2020-07-18 13:33:31,197 [DEBUG] - load None later
2020-07-18 13:33:31,353 [INFO] - [init] - Decode the AndroidManifest.xml file Successfully！
2020-07-18 13:33:32,030 [INFO] - [init] - Decompile the dex file Successfully.
2020-07-18 13:33:32,033 [INFO] - - [VulScanEngine]存在任意数据备份漏洞
2020-07-18 13:33:32,033 [INFO] - - [VulScanEngine]应用不可被调试->安全
2020-07-18 13:33:32,033 [INFO] - - [VulScanEngine] 该activity入口文件为：fridatest.test.com.myapplication.MainActivity
2020-07-18 13:33:32,038 [DEBUG] - Starting new HTTP connection (1): app.mi.com:80
2020-07-18 13:33:32,145 [DEBUG] - http://app.mi.com:80 "GET /details?id=fridatest.test.com.myapplication&ref=search HTTP/1.1" 302 56
2020-07-18 13:33:32,217 [DEBUG] - http://app.mi.com:80 "GET / HTTP/1.1" 200 None
2020-07-18 13:33:32,224 [DEBUG] - Starting new HTTP connection (1): app.mi.com:80
2020-07-18 13:33:32,291 [DEBUG] - http://app.mi.com:80 "GET /details?id=fridatest.test.com.myapplication&ref=search HTTP/1.1" 302 56
2020-07-18 13:33:32,353 [DEBUG] - http://app.mi.com:80 "GET / HTTP/1.1" 200 None
2020-07-18 13:33:32,377 [INFO] - [VulScanEngine] - 1 entry point found.
2020-07-18 13:44:04,456 [DEBUG] - declare 'pyecharts_js_extension' plugin manager
2020-07-18 13:44:04,456 [DEBUG] - scanning for plugins...
2020-07-18 13:44:04,501 [DEBUG] - register Pypkg
2020-07-18 13:44:04,501 [DEBUG] - found jupyter_echarts_pypkg
2020-07-18 13:44:04,501 [ERROR] - failed to import pyecharts_snapshot
Traceback (most recent call last):
  File "/Library/Python/2.7/site-packages/lml/utils.py", line 43, in do_import
    plugin_module = __import__(plugin_module_name)
ImportError: No module named pyecharts_snapshot
2020-07-18 13:44:04,501 [DEBUG] - pyecharts_snapshot
2020-07-18 13:44:04,501 [DEBUG] - No module named pyecharts_snapshot
2020-07-18 13:44:04,501 [DEBUG] - scanning done
2020-07-18 13:44:04,502 [DEBUG] - caching EchartsEnvironment
2020-07-18 13:44:04,502 [DEBUG] - declare 'pyecharts_environment' plugin manager
2020-07-18 13:44:04,502 [DEBUG] - load cached plugin info: EchartsEnvironment
2020-07-18 13:44:04,502 [DEBUG] - load None later
2020-07-18 13:44:04,644 [INFO] - [init] - Decode the AndroidManifest.xml file Successfully！
2020-07-18 13:44:05,317 [INFO] - [init] - Decompile the dex file Successfully.
2020-07-18 13:44:05,321 [INFO] - - [VulScanEngine]存在任意数据备份漏洞
2020-07-18 13:44:05,321 [INFO] - - [VulScanEngine]应用不可被调试->安全
2020-07-18 13:44:05,321 [INFO] - - [VulScanEngine] 该activity入口文件为：fridatest.test.com.myapplication.MainActivity
2020-07-18 13:44:05,327 [DEBUG] - Starting new HTTP connection (1): app.mi.com:80
2020-07-18 13:44:05,429 [DEBUG] - http://app.mi.com:80 "GET /details?id=fridatest.test.com.myapplication&ref=search HTTP/1.1" 302 56
2020-07-18 13:44:05,500 [DEBUG] - http://app.mi.com:80 "GET / HTTP/1.1" 200 None
2020-07-18 13:44:05,507 [DEBUG] - Starting new HTTP connection (1): app.mi.com:80
2020-07-18 13:44:05,580 [DEBUG] - http://app.mi.com:80 "GET /details?id=fridatest.test.com.myapplication&ref=search HTTP/1.1" 302 56
2020-07-18 13:44:05,717 [DEBUG] - http://app.mi.com:80 "GET / HTTP/1.1" 200 None
2020-07-18 13:59:18,705 [DEBUG] - declare 'pyecharts_js_extension' plugin manager
2020-07-18 13:59:18,706 [DEBUG] - scanning for plugins...
2020-07-18 13:59:18,775 [DEBUG] - register Pypkg
2020-07-18 13:59:18,775 [DEBUG] - found jupyter_echarts_pypkg
2020-07-18 13:59:18,776 [ERROR] - failed to import pyecharts_snapshot
Traceback (most recent call last):
  File "/Library/Python/2.7/site-packages/lml/utils.py", line 43, in do_import
    plugin_module = __import__(plugin_module_name)
ImportError: No module named pyecharts_snapshot
2020-07-18 13:59:18,776 [DEBUG] - pyecharts_snapshot
2020-07-18 13:59:18,776 [DEBUG] - No module named pyecharts_snapshot
2020-07-18 13:59:18,776 [DEBUG] - scanning done
2020-07-18 13:59:18,777 [DEBUG] - caching EchartsEnvironment
2020-07-18 13:59:18,777 [DEBUG] - declare 'pyecharts_environment' plugin manager
2020-07-18 13:59:18,778 [DEBUG] - load cached plugin info: EchartsEnvironment
2020-07-18 13:59:18,778 [DEBUG] - load None later
2020-07-18 13:59:18,934 [INFO] - [init] - Decode the AndroidManifest.xml file Successfully！
2020-07-18 13:59:19,603 [INFO] - [init] - Decompile the dex file Successfully.
2020-07-18 13:59:19,606 [INFO] - - [VulScanEngine]存在任意数据备份漏洞
2020-07-18 13:59:19,606 [INFO] - - [VulScanEngine]应用不可被调试->安全
2020-07-18 13:59:19,606 [INFO] - - [VulScanEngine] 该activity入口文件为：fridatest.test.com.myapplication.MainActivity
2020-07-18 13:59:19,611 [DEBUG] - Starting new HTTP connection (1): app.mi.com:80
2020-07-18 13:59:19,709 [DEBUG] - http://app.mi.com:80 "GET /details?id=fridatest.test.com.myapplication&ref=search HTTP/1.1" 302 56
2020-07-18 13:59:19,840 [DEBUG] - http://app.mi.com:80 "GET / HTTP/1.1" 200 None
2020-07-18 13:59:19,849 [DEBUG] - Starting new HTTP connection (1): app.mi.com:80
2020-07-18 13:59:19,935 [DEBUG] - http://app.mi.com:80 "GET /details?id=fridatest.test.com.myapplication&ref=search HTTP/1.1" 302 56
2020-07-18 13:59:20,016 [DEBUG] - http://app.mi.com:80 "GET / HTTP/1.1" 200 None
2020-07-18 14:05:52,234 [DEBUG] - declare 'pyecharts_js_extension' plugin manager
2020-07-18 14:05:52,234 [DEBUG] - scanning for plugins...
2020-07-18 14:05:52,279 [DEBUG] - register Pypkg
2020-07-18 14:05:52,280 [DEBUG] - found jupyter_echarts_pypkg
2020-07-18 14:05:52,280 [ERROR] - failed to import pyecharts_snapshot
Traceback (most recent call last):
  File "/Library/Python/2.7/site-packages/lml/utils.py", line 43, in do_import
    plugin_module = __import__(plugin_module_name)
ImportError: No module named pyecharts_snapshot
2020-07-18 14:05:52,280 [DEBUG] - pyecharts_snapshot
2020-07-18 14:05:52,280 [DEBUG] - No module named pyecharts_snapshot
2020-07-18 14:05:52,280 [DEBUG] - scanning done
2020-07-18 14:05:52,281 [DEBUG] - caching EchartsEnvironment
2020-07-18 14:05:52,281 [DEBUG] - declare 'pyecharts_environment' plugin manager
2020-07-18 14:05:52,281 [DEBUG] - load cached plugin info: EchartsEnvironment
2020-07-18 14:05:52,281 [DEBUG] - load None later
2020-07-18 14:05:52,418 [INFO] - [init] - Decode the AndroidManifest.xml file Successfully！
2020-07-18 14:05:53,094 [INFO] - [init] - Decompile the dex file Successfully.
2020-07-18 14:05:53,097 [INFO] - - [VulScanEngine]存在任意数据备份漏洞
2020-07-18 14:05:53,097 [INFO] - - [VulScanEngine]应用不可被调试->安全
2020-07-18 14:05:53,097 [INFO] - - [VulScanEngine] 该activity入口文件为：fridatest.test.com.myapplication.MainActivity
2020-07-18 14:05:53,102 [DEBUG] - Starting new HTTP connection (1): app.mi.com:80
2020-07-18 14:05:53,197 [DEBUG] - http://app.mi.com:80 "GET /details?id=fridatest.test.com.myapplication&ref=search HTTP/1.1" 302 56
2020-07-18 14:05:53,271 [DEBUG] - http://app.mi.com:80 "GET / HTTP/1.1" 200 None
2020-07-18 14:05:53,280 [DEBUG] - Starting new HTTP connection (1): app.mi.com:80
2020-07-18 14:05:53,357 [DEBUG] - http://app.mi.com:80 "GET /details?id=fridatest.test.com.myapplication&ref=search HTTP/1.1" 302 56
2020-07-18 14:05:53,532 [DEBUG] - http://app.mi.com:80 "GET / HTTP/1.1" 200 None
2020-07-18 15:04:31,672 [DEBUG] - declare 'pyecharts_js_extension' plugin manager
2020-07-18 15:04:31,672 [DEBUG] - scanning for plugins...
2020-07-18 15:04:31,776 [DEBUG] - register Pypkg
2020-07-18 15:04:31,776 [DEBUG] - found jupyter_echarts_pypkg
2020-07-18 15:04:31,777 [ERROR] - failed to import pyecharts_snapshot
Traceback (most recent call last):
  File "/Library/Python/2.7/site-packages/lml/utils.py", line 43, in do_import
    plugin_module = __import__(plugin_module_name)
ImportError: No module named pyecharts_snapshot
2020-07-18 15:04:31,777 [DEBUG] - pyecharts_snapshot
2020-07-18 15:04:31,777 [DEBUG] - No module named pyecharts_snapshot
2020-07-18 15:04:31,777 [DEBUG] - scanning done
2020-07-18 15:04:31,780 [DEBUG] - caching EchartsEnvironment
2020-07-18 15:04:31,780 [DEBUG] - declare 'pyecharts_environment' plugin manager
2020-07-18 15:04:31,780 [DEBUG] - load cached plugin info: EchartsEnvironment
2020-07-18 15:04:31,780 [DEBUG] - load None later
2020-07-18 15:05:11,551 [DEBUG] - declare 'pyecharts_js_extension' plugin manager
2020-07-18 15:05:11,552 [DEBUG] - scanning for plugins...
2020-07-18 15:05:11,602 [DEBUG] - register Pypkg
2020-07-18 15:05:11,603 [DEBUG] - found jupyter_echarts_pypkg
2020-07-18 15:05:11,603 [ERROR] - failed to import pyecharts_snapshot
Traceback (most recent call last):
  File "/Library/Python/2.7/site-packages/lml/utils.py", line 43, in do_import
    plugin_module = __import__(plugin_module_name)
ImportError: No module named pyecharts_snapshot
2020-07-18 15:05:11,603 [DEBUG] - pyecharts_snapshot
2020-07-18 15:05:11,603 [DEBUG] - No module named pyecharts_snapshot
2020-07-18 15:05:11,603 [DEBUG] - scanning done
2020-07-18 15:05:11,605 [DEBUG] - caching EchartsEnvironment
2020-07-18 15:05:11,605 [DEBUG] - declare 'pyecharts_environment' plugin manager
2020-07-18 15:05:11,605 [DEBUG] - load cached plugin info: EchartsEnvironment
2020-07-18 15:05:11,605 [DEBUG] - load None later
2020-07-18 15:31:54,961 [DEBUG] - declare 'pyecharts_js_extension' plugin manager
2020-07-18 15:31:54,961 [DEBUG] - scanning for plugins...
2020-07-18 15:31:55,120 [DEBUG] - register Pypkg
2020-07-18 15:31:55,120 [DEBUG] - found jupyter_echarts_pypkg
2020-07-18 15:31:55,120 [ERROR] - failed to import pyecharts_snapshot
Traceback (most recent call last):
  File "/Library/Python/2.7/site-packages/lml/utils.py", line 43, in do_import
    plugin_module = __import__(plugin_module_name)
ImportError: No module named pyecharts_snapshot
2020-07-18 15:31:55,120 [DEBUG] - pyecharts_snapshot
2020-07-18 15:31:55,120 [DEBUG] - No module named pyecharts_snapshot
2020-07-18 15:31:55,120 [DEBUG] - scanning done
2020-07-18 15:31:55,122 [DEBUG] - caching EchartsEnvironment
2020-07-18 15:31:55,122 [DEBUG] - declare 'pyecharts_environment' plugin manager
2020-07-18 15:31:55,123 [DEBUG] - load cached plugin info: EchartsEnvironment
2020-07-18 15:31:55,123 [DEBUG] - load None later
2020-07-18 15:31:55,563 [INFO] - [init] - Decode the AndroidManifest.xml file Successfully！
2020-07-18 15:31:56,283 [INFO] - [init] - Decompile the dex file Successfully.
2020-07-18 15:31:56,290 [INFO] - - [VulScanEngine]存在任意数据备份漏洞
2020-07-18 15:31:56,290 [INFO] - - [VulScanEngine]应用不可被调试->安全
2020-07-18 15:31:56,290 [INFO] - - [VulScanEngine] 该activity入口文件为：fridatest.test.com.myapplication.MainActivity
2020-07-18 15:31:56,297 [DEBUG] - Starting new HTTP connection (1): app.mi.com:80
2020-07-18 15:31:56,385 [DEBUG] - http://app.mi.com:80 "GET /details?id=fridatest.test.com.myapplication&ref=search HTTP/1.1" 302 56
2020-07-18 15:31:56,450 [DEBUG] - http://app.mi.com:80 "GET / HTTP/1.1" 200 None
2020-07-18 15:31:56,457 [DEBUG] - Starting new HTTP connection (1): app.mi.com:80
2020-07-18 15:31:56,538 [DEBUG] - http://app.mi.com:80 "GET /details?id=fridatest.test.com.myapplication&ref=search HTTP/1.1" 302 56
2020-07-18 15:31:56,606 [DEBUG] - http://app.mi.com:80 "GET / HTTP/1.1" 200 None
2020-07-18 15:37:59,755 [INFO] - [init] - Decode the AndroidManifest.xml file Successfully！
2020-07-18 15:38:00,468 [INFO] - [init] - Decompile the dex file Successfully.
2020-07-18 15:38:00,480 [INFO] - - [VulScanEngine]存在任意数据备份漏洞
2020-07-18 15:38:00,480 [INFO] - - [VulScanEngine]应用不可被调试->安全
2020-07-18 15:38:51,200 [INFO] - [init] - Decode the AndroidManifest.xml file Successfully！
2020-07-18 15:38:51,852 [INFO] - [init] - Decompile the dex file Successfully.
2020-07-18 15:38:51,858 [INFO] - - [VulScanEngine]存在任意数据备份漏洞
2020-07-18 15:38:51,858 [INFO] - - [VulScanEngine]应用不可被调试->安全
2020-07-18 15:38:51,867 [DEBUG] - Starting new HTTP connection (1): app.mi.com:80
2020-07-18 15:38:51,954 [DEBUG] - http://app.mi.com:80 "GET /details?id=fridatest.test.com.myapplication&ref=search HTTP/1.1" 302 56
2020-07-18 15:38:52,027 [DEBUG] - http://app.mi.com:80 "GET / HTTP/1.1" 200 None
2020-07-18 15:38:52,050 [DEBUG] - Starting new HTTP connection (1): app.mi.com:80
2020-07-18 15:38:52,129 [DEBUG] - http://app.mi.com:80 "GET /details?id=fridatest.test.com.myapplication&ref=search HTTP/1.1" 302 56
2020-07-18 15:38:52,201 [DEBUG] - http://app.mi.com:80 "GET / HTTP/1.1" 200 None
2020-07-18 15:41:06,566 [INFO] - [init] - Decode the AndroidManifest.xml file Successfully！
2020-07-18 15:41:07,269 [INFO] - [init] - Decompile the dex file Successfully.
2020-07-18 15:41:07,275 [INFO] - - [VulScanEngine]存在任意数据备份漏洞
2020-07-18 15:41:07,275 [INFO] - - [VulScanEngine]应用不可被调试->安全
2020-07-18 15:41:07,283 [DEBUG] - Starting new HTTP connection (1): app.mi.com:80
2020-07-18 15:41:07,362 [DEBUG] - http://app.mi.com:80 "GET /details?id=fridatest.test.com.myapplication&ref=search HTTP/1.1" 302 56
2020-07-18 15:41:07,437 [DEBUG] - http://app.mi.com:80 "GET / HTTP/1.1" 200 None
2020-07-18 15:41:07,445 [DEBUG] - Starting new HTTP connection (1): app.mi.com:80
2020-07-18 15:41:07,510 [DEBUG] - http://app.mi.com:80 "GET /details?id=fridatest.test.com.myapplication&ref=search HTTP/1.1" 302 56
2020-07-18 15:41:07,608 [DEBUG] - http://app.mi.com:80 "GET / HTTP/1.1" 200 None
2020-07-18 15:42:13,780 [INFO] - [init] - Decode the AndroidManifest.xml file Successfully！
2020-07-18 15:42:14,424 [INFO] - [init] - Decompile the dex file Successfully.
2020-07-18 15:42:14,429 [INFO] - - [VulScanEngine]存在任意数据备份漏洞
2020-07-18 15:42:14,429 [INFO] - - [VulScanEngine]应用不可被调试->安全
2020-07-18 15:42:14,436 [DEBUG] - Starting new HTTP connection (1): app.mi.com:80
2020-07-18 15:42:14,562 [DEBUG] - http://app.mi.com:80 "GET /details?id=fridatest.test.com.myapplication&ref=search HTTP/1.1" 302 56
2020-07-18 15:42:14,653 [DEBUG] - http://app.mi.com:80 "GET / HTTP/1.1" 200 None
2020-07-18 15:42:14,661 [DEBUG] - Starting new HTTP connection (1): app.mi.com:80
2020-07-18 15:42:14,781 [DEBUG] - http://app.mi.com:80 "GET /details?id=fridatest.test.com.myapplication&ref=search HTTP/1.1" 302 56
2020-07-18 15:42:14,872 [DEBUG] - http://app.mi.com:80 "GET / HTTP/1.1" 200 None
2020-07-18 15:42:40,970 [INFO] - [init] - Decode the AndroidManifest.xml file Successfully！
2020-07-18 15:42:41,633 [INFO] - [init] - Decompile the dex file Successfully.
2020-07-18 15:42:41,639 [INFO] - - [VulScanEngine]存在任意数据备份漏洞
2020-07-18 15:42:41,639 [INFO] - - [VulScanEngine]应用不可被调试->安全
2020-07-18 15:42:41,648 [DEBUG] - Starting new HTTP connection (1): app.mi.com:80
2020-07-18 15:42:41,775 [DEBUG] - http://app.mi.com:80 "GET /details?id=fridatest.test.com.myapplication&ref=search HTTP/1.1" 302 56
2020-07-18 15:42:41,851 [DEBUG] - http://app.mi.com:80 "GET / HTTP/1.1" 200 None
2020-07-18 15:42:41,859 [DEBUG] - Starting new HTTP connection (1): app.mi.com:80
2020-07-18 15:42:41,930 [DEBUG] - http://app.mi.com:80 "GET /details?id=fridatest.test.com.myapplication&ref=search HTTP/1.1" 302 56
2020-07-18 15:42:41,996 [DEBUG] - http://app.mi.com:80 "GET / HTTP/1.1" 200 None
2020-07-18 15:42:58,560 [INFO] - [init] - Decode the AndroidManifest.xml file Successfully！
2020-07-18 15:42:59,257 [INFO] - [init] - Decompile the dex file Successfully.
2020-07-18 15:42:59,260 [INFO] - - [VulScanEngine]存在任意数据备份漏洞
2020-07-18 15:42:59,260 [INFO] - - [VulScanEngine]应用不可被调试->安全
2020-07-18 15:42:59,269 [DEBUG] - Starting new HTTP connection (1): app.mi.com:80
2020-07-18 15:42:59,361 [DEBUG] - http://app.mi.com:80 "GET /details?id=fridatest.test.com.myapplication&ref=search HTTP/1.1" 302 56
2020-07-18 15:42:59,435 [DEBUG] - http://app.mi.com:80 "GET / HTTP/1.1" 200 None
2020-07-18 15:42:59,444 [DEBUG] - Starting new HTTP connection (1): app.mi.com:80
2020-07-18 15:42:59,508 [DEBUG] - http://app.mi.com:80 "GET /details?id=fridatest.test.com.myapplication&ref=search HTTP/1.1" 302 56
2020-07-18 15:42:59,570 [DEBUG] - http://app.mi.com:80 "GET / HTTP/1.1" 200 None
2020-07-18 15:43:23,606 [INFO] - [init] - Decode the AndroidManifest.xml file Successfully！
2020-07-18 15:43:24,292 [INFO] - [init] - Decompile the dex file Successfully.
2020-07-18 15:43:24,297 [INFO] - - [VulScanEngine]存在任意数据备份漏洞
2020-07-18 15:43:24,297 [INFO] - - [VulScanEngine]应用不可被调试->安全
2020-07-18 15:43:24,305 [DEBUG] - Starting new HTTP connection (1): app.mi.com:80
2020-07-18 15:43:24,377 [DEBUG] - http://app.mi.com:80 "GET /details?id=fridatest.test.com.myapplication&ref=search HTTP/1.1" 302 56
2020-07-18 15:43:24,488 [DEBUG] - http://app.mi.com:80 "GET / HTTP/1.1" 200 None
2020-07-18 15:43:24,496 [DEBUG] - Starting new HTTP connection (1): app.mi.com:80
2020-07-18 15:43:24,554 [DEBUG] - http://app.mi.com:80 "GET /details?id=fridatest.test.com.myapplication&ref=search HTTP/1.1" 302 56
2020-07-18 15:43:24,616 [DEBUG] - http://app.mi.com:80 "GET / HTTP/1.1" 200 None
2020-07-18 15:44:47,811 [INFO] - [init] - Decode the AndroidManifest.xml file Successfully！
2020-07-18 15:44:48,474 [INFO] - [init] - Decompile the dex file Successfully.
2020-07-18 15:44:48,477 [INFO] - - [VulScanEngine]存在任意数据备份漏洞
2020-07-18 15:44:48,477 [INFO] - - [VulScanEngine]应用不可被调试->安全
2020-07-18 15:44:48,484 [DEBUG] - Starting new HTTP connection (1): app.mi.com:80
2020-07-18 15:44:48,561 [DEBUG] - http://app.mi.com:80 "GET /details?id=fridatest.test.com.myapplication&ref=search HTTP/1.1" 302 56
2020-07-18 15:44:48,625 [DEBUG] - http://app.mi.com:80 "GET / HTTP/1.1" 200 None
2020-07-18 15:44:48,634 [DEBUG] - Starting new HTTP connection (1): app.mi.com:80
2020-07-18 15:44:48,705 [DEBUG] - http://app.mi.com:80 "GET /details?id=fridatest.test.com.myapplication&ref=search HTTP/1.1" 302 56
2020-07-18 15:44:48,773 [DEBUG] - http://app.mi.com:80 "GET / HTTP/1.1" 200 None
2020-07-18 15:45:21,109 [INFO] - [init] - Decode the AndroidManifest.xml file Successfully！
2020-07-18 15:45:21,791 [INFO] - [init] - Decompile the dex file Successfully.
2020-07-18 15:45:21,795 [INFO] - - [VulScanEngine]存在任意数据备份漏洞
2020-07-18 15:45:21,795 [INFO] - - [VulScanEngine]应用不可被调试->安全
2020-07-18 15:45:21,802 [DEBUG] - Starting new HTTP connection (1): app.mi.com:80
2020-07-18 15:45:21,888 [DEBUG] - http://app.mi.com:80 "GET /details?id=fridatest.test.com.myapplication&ref=search HTTP/1.1" 302 56
2020-07-18 15:45:21,964 [DEBUG] - http://app.mi.com:80 "GET / HTTP/1.1" 200 None
2020-07-18 15:45:21,973 [DEBUG] - Starting new HTTP connection (1): app.mi.com:80
2020-07-18 15:45:22,052 [DEBUG] - http://app.mi.com:80 "GET /details?id=fridatest.test.com.myapplication&ref=search HTTP/1.1" 302 56
2020-07-18 15:45:22,126 [DEBUG] - http://app.mi.com:80 "GET / HTTP/1.1" 200 None
2020-07-18 15:46:14,119 [DEBUG] - declare 'pyecharts_js_extension' plugin manager
2020-07-18 15:46:14,119 [DEBUG] - scanning for plugins...
2020-07-18 15:46:14,274 [DEBUG] - register Pypkg
2020-07-18 15:46:14,274 [DEBUG] - found jupyter_echarts_pypkg
2020-07-18 15:46:14,275 [ERROR] - failed to import pyecharts_snapshot
Traceback (most recent call last):
  File "/Library/Python/2.7/site-packages/lml/utils.py", line 43, in do_import
    plugin_module = __import__(plugin_module_name)
ImportError: No module named pyecharts_snapshot
2020-07-18 15:46:14,275 [DEBUG] - pyecharts_snapshot
2020-07-18 15:46:14,275 [DEBUG] - No module named pyecharts_snapshot
2020-07-18 15:46:14,275 [DEBUG] - scanning done
2020-07-18 15:46:14,277 [DEBUG] - caching EchartsEnvironment
2020-07-18 15:46:14,277 [DEBUG] - declare 'pyecharts_environment' plugin manager
2020-07-18 15:46:14,277 [DEBUG] - load cached plugin info: EchartsEnvironment
2020-07-18 15:46:14,277 [DEBUG] - load None later
2020-07-18 15:46:14,461 [INFO] - [init] - Decode the AndroidManifest.xml file Successfully！
2020-07-18 15:46:15,094 [INFO] - [init] - Decompile the dex file Successfully.
2020-07-18 15:46:15,101 [INFO] - - [VulScanEngine]存在任意数据备份漏洞
2020-07-18 15:46:15,101 [INFO] - - [VulScanEngine]应用不可被调试->安全
2020-07-18 15:46:15,109 [DEBUG] - Starting new HTTP connection (1): app.mi.com:80
2020-07-18 15:46:15,176 [DEBUG] - http://app.mi.com:80 "GET /details?id=fridatest.test.com.myapplication&ref=search HTTP/1.1" 302 56
2020-07-18 15:46:15,316 [DEBUG] - http://app.mi.com:80 "GET / HTTP/1.1" 200 None
2020-07-18 15:46:15,324 [DEBUG] - Starting new HTTP connection (1): app.mi.com:80
2020-07-18 15:46:15,406 [DEBUG] - http://app.mi.com:80 "GET /details?id=fridatest.test.com.myapplication&ref=search HTTP/1.1" 302 56
2020-07-18 15:46:15,474 [DEBUG] - http://app.mi.com:80 "GET / HTTP/1.1" 200 None
2020-07-18 15:46:52,566 [DEBUG] - declare 'pyecharts_js_extension' plugin manager
2020-07-18 15:46:52,567 [DEBUG] - scanning for plugins...
2020-07-18 15:46:52,608 [DEBUG] - register Pypkg
2020-07-18 15:46:52,608 [DEBUG] - found jupyter_echarts_pypkg
2020-07-18 15:46:52,608 [ERROR] - failed to import pyecharts_snapshot
Traceback (most recent call last):
  File "/Library/Python/2.7/site-packages/lml/utils.py", line 43, in do_import
    plugin_module = __import__(plugin_module_name)
ImportError: No module named pyecharts_snapshot
2020-07-18 15:46:52,609 [DEBUG] - pyecharts_snapshot
2020-07-18 15:46:52,609 [DEBUG] - No module named pyecharts_snapshot
2020-07-18 15:46:52,609 [DEBUG] - scanning done
2020-07-18 15:46:52,610 [DEBUG] - caching EchartsEnvironment
2020-07-18 15:46:52,610 [DEBUG] - declare 'pyecharts_environment' plugin manager
2020-07-18 15:46:52,610 [DEBUG] - load cached plugin info: EchartsEnvironment
2020-07-18 15:46:52,610 [DEBUG] - load None later
2020-07-18 15:46:52,759 [INFO] - [init] - Decode the AndroidManifest.xml file Successfully！
2020-07-18 15:46:53,378 [INFO] - [init] - Decompile the dex file Successfully.
2020-07-18 15:46:53,382 [INFO] - - [VulScanEngine]存在任意数据备份漏洞
2020-07-18 15:46:53,382 [INFO] - - [VulScanEngine]应用不可被调试->安全
2020-07-18 15:46:53,389 [DEBUG] - Starting new HTTP connection (1): app.mi.com:80
2020-07-18 15:46:53,498 [DEBUG] - http://app.mi.com:80 "GET /details?id=fridatest.test.com.myapplication&ref=search HTTP/1.1" 302 56
2020-07-18 15:46:53,563 [DEBUG] - http://app.mi.com:80 "GET / HTTP/1.1" 200 None
2020-07-18 15:46:53,573 [DEBUG] - Starting new HTTP connection (1): app.mi.com:80
2020-07-18 15:46:53,640 [DEBUG] - http://app.mi.com:80 "GET /details?id=fridatest.test.com.myapplication&ref=search HTTP/1.1" 302 56
2020-07-18 15:46:53,706 [DEBUG] - http://app.mi.com:80 "GET / HTTP/1.1" 200 None
2020-07-18 15:47:11,194 [INFO] - [init] - Decode the AndroidManifest.xml file Successfully！
2020-07-18 15:47:11,855 [INFO] - [init] - Decompile the dex file Successfully.
2020-07-18 15:47:11,861 [INFO] - - [VulScanEngine]存在任意数据备份漏洞
2020-07-18 15:47:11,861 [INFO] - - [VulScanEngine]应用不可被调试->安全
2020-07-18 15:47:11,868 [DEBUG] - Starting new HTTP connection (1): app.mi.com:80
2020-07-18 15:47:11,939 [DEBUG] - http://app.mi.com:80 "GET /details?id=fridatest.test.com.myapplication&ref=search HTTP/1.1" 302 56
2020-07-18 15:47:12,006 [DEBUG] - http://app.mi.com:80 "GET / HTTP/1.1" 200 None
2020-07-18 15:47:12,013 [DEBUG] - Starting new HTTP connection (1): app.mi.com:80
2020-07-18 15:47:12,098 [DEBUG] - http://app.mi.com:80 "GET /details?id=fridatest.test.com.myapplication&ref=search HTTP/1.1" 302 56
2020-07-18 15:47:12,171 [DEBUG] - http://app.mi.com:80 "GET / HTTP/1.1" 200 None
2020-07-18 15:52:37,090 [INFO] - [init] - Decode the AndroidManifest.xml file Successfully！
2020-07-18 15:52:37,727 [INFO] - [init] - Decompile the dex file Successfully.
2020-07-18 15:52:37,733 [INFO] - - [VulScanEngine]存在任意数据备份漏洞
2020-07-18 15:52:37,733 [INFO] - - [VulScanEngine]应用不可被调试->安全
2020-07-18 15:52:37,741 [DEBUG] - Starting new HTTP connection (1): app.mi.com:80
2020-07-18 15:52:37,808 [DEBUG] - http://app.mi.com:80 "GET /details?id=fridatest.test.com.myapplication&ref=search HTTP/1.1" 302 56
2020-07-18 15:52:37,925 [DEBUG] - http://app.mi.com:80 "GET / HTTP/1.1" 200 None
2020-07-18 15:52:37,933 [DEBUG] - Starting new HTTP connection (1): app.mi.com:80
2020-07-18 15:52:38,004 [DEBUG] - http://app.mi.com:80 "GET /details?id=fridatest.test.com.myapplication&ref=search HTTP/1.1" 302 56
2020-07-18 15:52:38,080 [DEBUG] - http://app.mi.com:80 "GET / HTTP/1.1" 200 None
2020-07-18 15:52:53,914 [DEBUG] - declare 'pyecharts_js_extension' plugin manager
2020-07-18 15:52:53,914 [DEBUG] - scanning for plugins...
2020-07-18 15:52:53,971 [DEBUG] - register Pypkg
2020-07-18 15:52:53,971 [DEBUG] - found jupyter_echarts_pypkg
2020-07-18 15:52:53,971 [ERROR] - failed to import pyecharts_snapshot
Traceback (most recent call last):
  File "/Library/Python/2.7/site-packages/lml/utils.py", line 43, in do_import
    plugin_module = __import__(plugin_module_name)
ImportError: No module named pyecharts_snapshot
2020-07-18 15:52:53,972 [DEBUG] - pyecharts_snapshot
2020-07-18 15:52:53,972 [DEBUG] - No module named pyecharts_snapshot
2020-07-18 15:52:53,972 [DEBUG] - scanning done
2020-07-18 15:52:53,977 [DEBUG] - caching EchartsEnvironment
2020-07-18 15:52:53,978 [DEBUG] - declare 'pyecharts_environment' plugin manager
2020-07-18 15:52:53,978 [DEBUG] - load cached plugin info: EchartsEnvironment
2020-07-18 15:52:53,978 [DEBUG] - load None later
2020-07-18 15:52:54,149 [INFO] - [init] - Decode the AndroidManifest.xml file Successfully！
2020-07-18 15:52:54,802 [INFO] - [init] - Decompile the dex file Successfully.
2020-07-18 15:52:54,806 [INFO] - - [VulScanEngine]存在任意数据备份漏洞
2020-07-18 15:52:54,806 [INFO] - - [VulScanEngine]应用不可被调试->安全
2020-07-18 15:52:54,813 [DEBUG] - Starting new HTTP connection (1): app.mi.com:80
2020-07-18 15:52:54,898 [DEBUG] - http://app.mi.com:80 "GET /details?id=fridatest.test.com.myapplication&ref=search HTTP/1.1" 302 56
2020-07-18 15:52:54,966 [DEBUG] - http://app.mi.com:80 "GET / HTTP/1.1" 200 None
2020-07-18 15:52:54,974 [DEBUG] - Starting new HTTP connection (1): app.mi.com:80
2020-07-18 15:52:55,051 [DEBUG] - http://app.mi.com:80 "GET /details?id=fridatest.test.com.myapplication&ref=search HTTP/1.1" 302 56
2020-07-18 15:52:55,117 [DEBUG] - http://app.mi.com:80 "GET / HTTP/1.1" 200 None
2020-07-18 15:57:19,326 [DEBUG] - declare 'pyecharts_js_extension' plugin manager
2020-07-18 15:57:19,326 [DEBUG] - scanning for plugins...
2020-07-18 15:57:19,376 [DEBUG] - register Pypkg
2020-07-18 15:57:19,376 [DEBUG] - found jupyter_echarts_pypkg
2020-07-18 15:57:19,376 [ERROR] - failed to import pyecharts_snapshot
Traceback (most recent call last):
  File "/Library/Python/2.7/site-packages/lml/utils.py", line 43, in do_import
    plugin_module = __import__(plugin_module_name)
ImportError: No module named pyecharts_snapshot
2020-07-18 15:57:19,377 [DEBUG] - pyecharts_snapshot
2020-07-18 15:57:19,377 [DEBUG] - No module named pyecharts_snapshot
2020-07-18 15:57:19,377 [DEBUG] - scanning done
2020-07-18 15:57:19,378 [DEBUG] - caching EchartsEnvironment
2020-07-18 15:57:19,378 [DEBUG] - declare 'pyecharts_environment' plugin manager
2020-07-18 15:57:19,378 [DEBUG] - load cached plugin info: EchartsEnvironment
2020-07-18 15:57:19,378 [DEBUG] - load None later
2020-07-18 15:57:19,548 [INFO] - [init] - Decode the AndroidManifest.xml file Successfully！
2020-07-18 15:57:20,208 [INFO] - [init] - Decompile the dex file Successfully.
2020-07-18 15:57:20,214 [INFO] - - [VulScanEngine]存在任意数据备份漏洞
2020-07-18 15:57:20,214 [INFO] - - [VulScanEngine]应用不可被调试->安全
2020-07-18 15:57:20,220 [DEBUG] - Starting new HTTP connection (1): app.mi.com:80
2020-07-18 15:57:20,295 [DEBUG] - http://app.mi.com:80 "GET /details?id=fridatest.test.com.myapplication&ref=search HTTP/1.1" 302 56
2020-07-18 15:57:20,361 [DEBUG] - http://app.mi.com:80 "GET / HTTP/1.1" 200 None
2020-07-18 15:57:20,370 [DEBUG] - Starting new HTTP connection (1): app.mi.com:80
2020-07-18 15:57:20,439 [DEBUG] - http://app.mi.com:80 "GET /details?id=fridatest.test.com.myapplication&ref=search HTTP/1.1" 302 56
2020-07-18 15:57:20,505 [DEBUG] - http://app.mi.com:80 "GET / HTTP/1.1" 200 None
2020-07-18 16:01:15,251 [DEBUG] - declare 'pyecharts_js_extension' plugin manager
2020-07-18 16:01:15,251 [DEBUG] - scanning for plugins...
2020-07-18 16:01:15,426 [DEBUG] - register Pypkg
2020-07-18 16:01:15,426 [DEBUG] - found jupyter_echarts_pypkg
2020-07-18 16:01:15,426 [ERROR] - failed to import pyecharts_snapshot
Traceback (most recent call last):
  File "/Library/Python/2.7/site-packages/lml/utils.py", line 43, in do_import
    plugin_module = __import__(plugin_module_name)
ImportError: No module named pyecharts_snapshot
2020-07-18 16:01:15,426 [DEBUG] - pyecharts_snapshot
2020-07-18 16:01:15,426 [DEBUG] - No module named pyecharts_snapshot
2020-07-18 16:01:15,426 [DEBUG] - scanning done
2020-07-18 16:01:15,427 [DEBUG] - caching EchartsEnvironment
2020-07-18 16:01:15,428 [DEBUG] - declare 'pyecharts_environment' plugin manager
2020-07-18 16:01:15,428 [DEBUG] - load cached plugin info: EchartsEnvironment
2020-07-18 16:01:15,428 [DEBUG] - load None later
2020-07-18 16:01:15,636 [INFO] - [init] - Decode the AndroidManifest.xml file Successfully！
2020-07-18 16:01:16,303 [INFO] - [init] - Decompile the dex file Successfully.
2020-07-18 16:01:16,310 [INFO] - - [VulScanEngine]存在任意数据备份漏洞
2020-07-18 16:01:16,310 [INFO] - - [VulScanEngine]应用不可被调试->安全
2020-07-18 16:01:16,318 [DEBUG] - Starting new HTTP connection (1): app.mi.com:80
2020-07-18 16:01:16,420 [DEBUG] - http://app.mi.com:80 "GET /details?id=fridatest.test.com.myapplication&ref=search HTTP/1.1" 302 56
2020-07-18 16:01:16,502 [DEBUG] - http://app.mi.com:80 "GET / HTTP/1.1" 200 None
2020-07-18 16:01:16,510 [DEBUG] - Starting new HTTP connection (1): app.mi.com:80
2020-07-18 16:01:16,649 [DEBUG] - http://app.mi.com:80 "GET /details?id=fridatest.test.com.myapplication&ref=search HTTP/1.1" 302 56
2020-07-18 16:01:16,719 [DEBUG] - http://app.mi.com:80 "GET / HTTP/1.1" 200 None
2020-07-18 16:01:20,422 [INFO] - [init] - Decode the AndroidManifest.xml file Successfully！
2020-07-18 16:01:21,061 [INFO] - [init] - Decompile the dex file Successfully.
2020-07-18 16:01:21,066 [INFO] - - [VulScanEngine]存在任意数据备份漏洞
2020-07-18 16:01:21,067 [INFO] - - [VulScanEngine]应用不可被调试->安全
2020-07-18 16:01:21,074 [DEBUG] - Starting new HTTP connection (1): app.mi.com:80
2020-07-18 16:01:21,158 [DEBUG] - http://app.mi.com:80 "GET /details?id=fridatest.test.com.myapplication&ref=search HTTP/1.1" 302 56
2020-07-18 16:01:21,229 [DEBUG] - http://app.mi.com:80 "GET / HTTP/1.1" 200 None
2020-07-18 16:01:21,238 [DEBUG] - Starting new HTTP connection (1): app.mi.com:80
2020-07-18 16:01:21,302 [DEBUG] - http://app.mi.com:80 "GET /details?id=fridatest.test.com.myapplication&ref=search HTTP/1.1" 302 56
2020-07-18 16:01:21,367 [DEBUG] - http://app.mi.com:80 "GET / HTTP/1.1" 200 None
2020-07-18 16:13:14,219 [DEBUG] - declare 'pyecharts_js_extension' plugin manager
2020-07-18 16:13:14,219 [DEBUG] - scanning for plugins...
2020-07-18 16:13:14,318 [DEBUG] - register Pypkg
2020-07-18 16:13:14,318 [DEBUG] - found jupyter_echarts_pypkg
2020-07-18 16:13:14,319 [ERROR] - failed to import pyecharts_snapshot
Traceback (most recent call last):
  File "/Library/Python/2.7/site-packages/lml/utils.py", line 43, in do_import
    plugin_module = __import__(plugin_module_name)
ImportError: No module named pyecharts_snapshot
2020-07-18 16:13:14,319 [DEBUG] - pyecharts_snapshot
2020-07-18 16:13:14,319 [DEBUG] - No module named pyecharts_snapshot
2020-07-18 16:13:14,319 [DEBUG] - scanning done
2020-07-18 16:13:14,321 [DEBUG] - caching EchartsEnvironment
2020-07-18 16:13:14,321 [DEBUG] - declare 'pyecharts_environment' plugin manager
2020-07-18 16:13:14,321 [DEBUG] - load cached plugin info: EchartsEnvironment
2020-07-18 16:13:14,321 [DEBUG] - load None later
2020-07-18 16:14:03,890 [DEBUG] - declare 'pyecharts_js_extension' plugin manager
2020-07-18 16:14:03,891 [DEBUG] - scanning for plugins...
2020-07-18 16:14:03,943 [DEBUG] - register Pypkg
2020-07-18 16:14:03,943 [DEBUG] - found jupyter_echarts_pypkg
2020-07-18 16:14:03,943 [ERROR] - failed to import pyecharts_snapshot
Traceback (most recent call last):
  File "/Library/Python/2.7/site-packages/lml/utils.py", line 43, in do_import
    plugin_module = __import__(plugin_module_name)
ImportError: No module named pyecharts_snapshot
2020-07-18 16:14:03,944 [DEBUG] - pyecharts_snapshot
2020-07-18 16:14:03,944 [DEBUG] - No module named pyecharts_snapshot
2020-07-18 16:14:03,944 [DEBUG] - scanning done
2020-07-18 16:14:03,946 [DEBUG] - caching EchartsEnvironment
2020-07-18 16:14:03,946 [DEBUG] - declare 'pyecharts_environment' plugin manager
2020-07-18 16:14:03,946 [DEBUG] - load cached plugin info: EchartsEnvironment
2020-07-18 16:14:03,946 [DEBUG] - load None later
2020-07-18 16:14:04,302 [INFO] - [init] - Decode the AndroidManifest.xml file Successfully！
2020-07-18 16:14:05,075 [INFO] - [init] - Decompile the dex file Successfully.
2020-07-18 16:14:05,078 [INFO] - - [VulScanEngine]存在任意数据备份漏洞
2020-07-18 16:14:05,078 [INFO] - - [VulScanEngine]应用不可被调试->安全
2020-07-18 16:14:05,085 [DEBUG] - Starting new HTTP connection (1): app.mi.com:80
2020-07-18 16:14:05,181 [DEBUG] - http://app.mi.com:80 "GET /details?id=fridatest.test.com.myapplication&ref=search HTTP/1.1" 302 56
2020-07-18 16:14:05,252 [DEBUG] - http://app.mi.com:80 "GET / HTTP/1.1" 200 None
2020-07-18 16:14:05,258 [DEBUG] - Starting new HTTP connection (1): app.mi.com:80
2020-07-18 16:14:05,334 [DEBUG] - http://app.mi.com:80 "GET /details?id=fridatest.test.com.myapplication&ref=search HTTP/1.1" 302 56
2020-07-18 16:14:05,402 [DEBUG] - http://app.mi.com:80 "GET / HTTP/1.1" 200 None
2020-07-18 16:14:33,946 [DEBUG] - declare 'pyecharts_js_extension' plugin manager
2020-07-18 16:14:33,946 [DEBUG] - scanning for plugins...
2020-07-18 16:14:33,993 [DEBUG] - register Pypkg
2020-07-18 16:14:33,993 [DEBUG] - found jupyter_echarts_pypkg
2020-07-18 16:14:33,993 [ERROR] - failed to import pyecharts_snapshot
Traceback (most recent call last):
  File "/Library/Python/2.7/site-packages/lml/utils.py", line 43, in do_import
    plugin_module = __import__(plugin_module_name)
ImportError: No module named pyecharts_snapshot
2020-07-18 16:14:33,993 [DEBUG] - pyecharts_snapshot
2020-07-18 16:14:33,993 [DEBUG] - No module named pyecharts_snapshot
2020-07-18 16:14:33,993 [DEBUG] - scanning done
2020-07-18 16:14:33,994 [DEBUG] - caching EchartsEnvironment
2020-07-18 16:14:33,994 [DEBUG] - declare 'pyecharts_environment' plugin manager
2020-07-18 16:14:33,994 [DEBUG] - load cached plugin info: EchartsEnvironment
2020-07-18 16:14:33,994 [DEBUG] - load None later
2020-07-18 16:14:34,152 [INFO] - [init] - Decode the AndroidManifest.xml file Successfully！
2020-07-18 16:14:34,824 [INFO] - [init] - Decompile the dex file Successfully.
2020-07-18 16:14:34,827 [INFO] - - [VulScanEngine]存在任意数据备份漏洞
2020-07-18 16:14:34,827 [INFO] - - [VulScanEngine]应用不可被调试->安全
2020-07-18 16:14:34,832 [DEBUG] - Starting new HTTP connection (1): app.mi.com:80
2020-07-18 16:14:34,907 [DEBUG] - http://app.mi.com:80 "GET /details?id=fridatest.test.com.myapplication&ref=search HTTP/1.1" 302 56
2020-07-18 16:14:34,977 [DEBUG] - http://app.mi.com:80 "GET / HTTP/1.1" 200 None
2020-07-18 16:14:34,985 [DEBUG] - Starting new HTTP connection (1): app.mi.com:80
2020-07-18 16:14:35,067 [DEBUG] - http://app.mi.com:80 "GET /details?id=fridatest.test.com.myapplication&ref=search HTTP/1.1" 302 56
2020-07-18 16:14:35,136 [DEBUG] - http://app.mi.com:80 "GET / HTTP/1.1" 200 None
2020-07-18 16:14:47,241 [DEBUG] - declare 'pyecharts_js_extension' plugin manager
2020-07-18 16:14:47,241 [DEBUG] - scanning for plugins...
2020-07-18 16:14:47,285 [DEBUG] - register Pypkg
2020-07-18 16:14:47,285 [DEBUG] - found jupyter_echarts_pypkg
2020-07-18 16:14:47,285 [ERROR] - failed to import pyecharts_snapshot
Traceback (most recent call last):
  File "/Library/Python/2.7/site-packages/lml/utils.py", line 43, in do_import
    plugin_module = __import__(plugin_module_name)
ImportError: No module named pyecharts_snapshot
2020-07-18 16:14:47,285 [DEBUG] - pyecharts_snapshot
2020-07-18 16:14:47,285 [DEBUG] - No module named pyecharts_snapshot
2020-07-18 16:14:47,285 [DEBUG] - scanning done
2020-07-18 16:14:47,286 [DEBUG] - caching EchartsEnvironment
2020-07-18 16:14:47,286 [DEBUG] - declare 'pyecharts_environment' plugin manager
2020-07-18 16:14:47,287 [DEBUG] - load cached plugin info: EchartsEnvironment
2020-07-18 16:14:47,287 [DEBUG] - load None later
2020-07-18 16:14:47,446 [INFO] - [init] - Decode the AndroidManifest.xml file Successfully！
2020-07-18 16:14:48,121 [INFO] - [init] - Decompile the dex file Successfully.
2020-07-18 16:14:48,123 [INFO] - - [VulScanEngine]存在任意数据备份漏洞
2020-07-18 16:14:48,123 [INFO] - - [VulScanEngine]应用不可被调试->安全
2020-07-18 16:14:48,129 [DEBUG] - Starting new HTTP connection (1): app.mi.com:80
2020-07-18 16:14:48,225 [DEBUG] - http://app.mi.com:80 "GET /details?id=fridatest.test.com.myapplication&ref=search HTTP/1.1" 302 56
2020-07-18 16:14:48,297 [DEBUG] - http://app.mi.com:80 "GET / HTTP/1.1" 200 None
2020-07-18 16:14:48,305 [DEBUG] - Starting new HTTP connection (1): app.mi.com:80
2020-07-18 16:14:48,376 [DEBUG] - http://app.mi.com:80 "GET /details?id=fridatest.test.com.myapplication&ref=search HTTP/1.1" 302 56
2020-07-18 16:14:48,440 [DEBUG] - http://app.mi.com:80 "GET / HTTP/1.1" 200 None
2020-07-18 16:15:11,466 [DEBUG] - declare 'pyecharts_js_extension' plugin manager
2020-07-18 16:15:11,466 [DEBUG] - scanning for plugins...
2020-07-18 16:15:11,515 [DEBUG] - register Pypkg
2020-07-18 16:15:11,515 [DEBUG] - found jupyter_echarts_pypkg
2020-07-18 16:15:11,516 [ERROR] - failed to import pyecharts_snapshot
Traceback (most recent call last):
  File "/Library/Python/2.7/site-packages/lml/utils.py", line 43, in do_import
    plugin_module = __import__(plugin_module_name)
ImportError: No module named pyecharts_snapshot
2020-07-18 16:15:11,516 [DEBUG] - pyecharts_snapshot
2020-07-18 16:15:11,516 [DEBUG] - No module named pyecharts_snapshot
2020-07-18 16:15:11,516 [DEBUG] - scanning done
2020-07-18 16:15:11,517 [DEBUG] - caching EchartsEnvironment
2020-07-18 16:15:11,517 [DEBUG] - declare 'pyecharts_environment' plugin manager
2020-07-18 16:15:11,517 [DEBUG] - load cached plugin info: EchartsEnvironment
2020-07-18 16:15:11,517 [DEBUG] - load None later
2020-07-18 16:15:11,670 [INFO] - [init] - Decode the AndroidManifest.xml file Successfully！
2020-07-18 16:15:12,367 [INFO] - [init] - Decompile the dex file Successfully.
2020-07-18 16:15:12,369 [INFO] - - [VulScanEngine]存在任意数据备份漏洞
2020-07-18 16:15:12,369 [INFO] - - [VulScanEngine]应用不可被调试->安全
2020-07-18 16:15:12,375 [DEBUG] - Starting new HTTP connection (1): app.mi.com:80
2020-07-18 16:15:12,471 [DEBUG] - http://app.mi.com:80 "GET /details?id=fridatest.test.com.myapplication&ref=search HTTP/1.1" 302 56
2020-07-18 16:15:12,541 [DEBUG] - http://app.mi.com:80 "GET / HTTP/1.1" 200 None
2020-07-18 16:15:12,549 [DEBUG] - Starting new HTTP connection (1): app.mi.com:80
2020-07-18 16:15:12,613 [DEBUG] - http://app.mi.com:80 "GET /details?id=fridatest.test.com.myapplication&ref=search HTTP/1.1" 302 56
2020-07-18 16:15:12,787 [DEBUG] - http://app.mi.com:80 "GET / HTTP/1.1" 200 None
2020-07-18 16:16:33,189 [DEBUG] - declare 'pyecharts_js_extension' plugin manager
2020-07-18 16:16:33,189 [DEBUG] - scanning for plugins...
2020-07-18 16:16:33,235 [DEBUG] - register Pypkg
2020-07-18 16:16:33,235 [DEBUG] - found jupyter_echarts_pypkg
2020-07-18 16:16:33,236 [ERROR] - failed to import pyecharts_snapshot
Traceback (most recent call last):
  File "/Library/Python/2.7/site-packages/lml/utils.py", line 43, in do_import
    plugin_module = __import__(plugin_module_name)
ImportError: No module named pyecharts_snapshot
2020-07-18 16:16:33,236 [DEBUG] - pyecharts_snapshot
2020-07-18 16:16:33,236 [DEBUG] - No module named pyecharts_snapshot
2020-07-18 16:16:33,236 [DEBUG] - scanning done
2020-07-18 16:16:33,237 [DEBUG] - caching EchartsEnvironment
2020-07-18 16:16:33,237 [DEBUG] - declare 'pyecharts_environment' plugin manager
2020-07-18 16:16:33,237 [DEBUG] - load cached plugin info: EchartsEnvironment
2020-07-18 16:16:33,237 [DEBUG] - load None later
2020-07-18 16:16:33,394 [INFO] - [init] - Decode the AndroidManifest.xml file Successfully！
2020-07-18 16:16:34,041 [INFO] - [init] - Decompile the dex file Successfully.
2020-07-18 16:16:34,044 [INFO] - - [VulScanEngine]存在任意数据备份漏洞
2020-07-18 16:16:34,044 [INFO] - - [VulScanEngine]应用不可被调试->安全
2020-07-18 16:16:34,049 [DEBUG] - Starting new HTTP connection (1): app.mi.com:80
2020-07-18 16:16:34,212 [DEBUG] - http://app.mi.com:80 "GET /details?id=fridatest.test.com.myapplication&ref=search HTTP/1.1" 302 56
2020-07-18 16:16:34,279 [DEBUG] - http://app.mi.com:80 "GET / HTTP/1.1" 200 None
2020-07-18 16:16:34,289 [DEBUG] - Starting new HTTP connection (1): app.mi.com:80
2020-07-18 16:16:34,363 [DEBUG] - http://app.mi.com:80 "GET /details?id=fridatest.test.com.myapplication&ref=search HTTP/1.1" 302 56
2020-07-18 16:16:34,432 [DEBUG] - http://app.mi.com:80 "GET / HTTP/1.1" 200 None
2020-07-18 16:16:42,028 [DEBUG] - declare 'pyecharts_js_extension' plugin manager
2020-07-18 16:16:42,028 [DEBUG] - scanning for plugins...
2020-07-18 16:16:42,083 [DEBUG] - register Pypkg
2020-07-18 16:16:42,083 [DEBUG] - found jupyter_echarts_pypkg
2020-07-18 16:16:42,083 [ERROR] - failed to import pyecharts_snapshot
Traceback (most recent call last):
  File "/Library/Python/2.7/site-packages/lml/utils.py", line 43, in do_import
    plugin_module = __import__(plugin_module_name)
ImportError: No module named pyecharts_snapshot
2020-07-18 16:16:42,084 [DEBUG] - pyecharts_snapshot
2020-07-18 16:16:42,084 [DEBUG] - No module named pyecharts_snapshot
2020-07-18 16:16:42,084 [DEBUG] - scanning done
2020-07-18 16:16:42,085 [DEBUG] - caching EchartsEnvironment
2020-07-18 16:16:42,085 [DEBUG] - declare 'pyecharts_environment' plugin manager
2020-07-18 16:16:42,085 [DEBUG] - load cached plugin info: EchartsEnvironment
2020-07-18 16:16:42,085 [DEBUG] - load None later
2020-07-18 16:16:42,246 [INFO] - [init] - Decode the AndroidManifest.xml file Successfully！
2020-07-18 16:16:42,850 [INFO] - [init] - Decompile the dex file Successfully.
2020-07-18 16:16:42,852 [INFO] - - [VulScanEngine]存在任意数据备份漏洞
2020-07-18 16:16:42,853 [INFO] - - [VulScanEngine]应用不可被调试->安全
2020-07-18 16:16:42,858 [DEBUG] - Starting new HTTP connection (1): app.mi.com:80
2020-07-18 16:16:42,944 [DEBUG] - http://app.mi.com:80 "GET /details?id=fridatest.test.com.myapplication&ref=search HTTP/1.1" 302 56
2020-07-18 16:16:43,018 [DEBUG] - http://app.mi.com:80 "GET / HTTP/1.1" 200 None
2020-07-18 16:16:43,027 [DEBUG] - Starting new HTTP connection (1): app.mi.com:80
2020-07-18 16:16:43,105 [DEBUG] - http://app.mi.com:80 "GET /details?id=fridatest.test.com.myapplication&ref=search HTTP/1.1" 302 56
2020-07-18 16:16:43,247 [DEBUG] - http://app.mi.com:80 "GET / HTTP/1.1" 200 None
2020-07-18 16:17:40,141 [DEBUG] - declare 'pyecharts_js_extension' plugin manager
2020-07-18 16:17:40,142 [DEBUG] - scanning for plugins...
2020-07-18 16:17:40,191 [DEBUG] - register Pypkg
2020-07-18 16:17:40,191 [DEBUG] - found jupyter_echarts_pypkg
2020-07-18 16:17:40,191 [ERROR] - failed to import pyecharts_snapshot
Traceback (most recent call last):
  File "/Library/Python/2.7/site-packages/lml/utils.py", line 43, in do_import
    plugin_module = __import__(plugin_module_name)
ImportError: No module named pyecharts_snapshot
2020-07-18 16:17:40,191 [DEBUG] - pyecharts_snapshot
2020-07-18 16:17:40,191 [DEBUG] - No module named pyecharts_snapshot
2020-07-18 16:17:40,191 [DEBUG] - scanning done
2020-07-18 16:17:40,193 [DEBUG] - caching EchartsEnvironment
2020-07-18 16:17:40,193 [DEBUG] - declare 'pyecharts_environment' plugin manager
2020-07-18 16:17:40,193 [DEBUG] - load cached plugin info: EchartsEnvironment
2020-07-18 16:17:40,193 [DEBUG] - load None later
2020-07-18 16:17:40,345 [INFO] - [init] - Decode the AndroidManifest.xml file Successfully！
2020-07-18 16:17:41,027 [INFO] - [init] - Decompile the dex file Successfully.
2020-07-18 16:17:41,029 [INFO] - - [VulScanEngine]存在任意数据备份漏洞
2020-07-18 16:17:41,029 [INFO] - - [VulScanEngine]应用不可被调试->安全
2020-07-18 16:17:41,034 [DEBUG] - Starting new HTTP connection (1): app.mi.com:80
2020-07-18 16:17:41,120 [DEBUG] - http://app.mi.com:80 "GET /details?id=fridatest.test.com.myapplication&ref=search HTTP/1.1" 302 56
2020-07-18 16:17:41,190 [DEBUG] - http://app.mi.com:80 "GET / HTTP/1.1" 200 None
2020-07-18 16:17:41,199 [DEBUG] - Starting new HTTP connection (1): app.mi.com:80
2020-07-18 16:17:41,275 [DEBUG] - http://app.mi.com:80 "GET /details?id=fridatest.test.com.myapplication&ref=search HTTP/1.1" 302 56
2020-07-18 16:17:41,343 [DEBUG] - http://app.mi.com:80 "GET / HTTP/1.1" 200 None
2020-07-18 16:18:03,778 [INFO] - [init] - Decode the AndroidManifest.xml file Successfully！
2020-07-18 16:18:04,479 [INFO] - [init] - Decompile the dex file Successfully.
2020-07-18 16:18:04,485 [INFO] - - [VulScanEngine]存在任意数据备份漏洞
2020-07-18 16:18:04,486 [INFO] - - [VulScanEngine]应用不可被调试->安全
2020-07-18 16:18:04,493 [DEBUG] - Starting new HTTP connection (1): app.mi.com:80
2020-07-18 16:18:04,566 [DEBUG] - http://app.mi.com:80 "GET /details?id=fridatest.test.com.myapplication&ref=search HTTP/1.1" 302 56
2020-07-18 16:18:04,632 [DEBUG] - http://app.mi.com:80 "GET / HTTP/1.1" 200 None
2020-07-18 16:18:04,640 [DEBUG] - Starting new HTTP connection (1): app.mi.com:80
2020-07-18 16:18:04,726 [DEBUG] - http://app.mi.com:80 "GET /details?id=fridatest.test.com.myapplication&ref=search HTTP/1.1" 302 56
2020-07-18 16:18:04,804 [DEBUG] - http://app.mi.com:80 "GET / HTTP/1.1" 200 None
2020-07-18 16:18:19,140 [INFO] - [init] - Decode the AndroidManifest.xml file Successfully！
2020-07-18 16:18:19,842 [INFO] - [init] - Decompile the dex file Successfully.
2020-07-18 16:18:19,845 [INFO] - - [VulScanEngine]存在任意数据备份漏洞
2020-07-18 16:18:19,846 [INFO] - - [VulScanEngine]应用不可被调试->安全
2020-07-18 16:18:19,853 [DEBUG] - Starting new HTTP connection (1): app.mi.com:80
2020-07-18 16:18:19,930 [DEBUG] - http://app.mi.com:80 "GET /details?id=fridatest.test.com.myapplication&ref=search HTTP/1.1" 302 56
2020-07-18 16:18:20,001 [DEBUG] - http://app.mi.com:80 "GET / HTTP/1.1" 200 None
2020-07-18 16:18:20,010 [DEBUG] - Starting new HTTP connection (1): app.mi.com:80
2020-07-18 16:18:20,082 [DEBUG] - http://app.mi.com:80 "GET /details?id=fridatest.test.com.myapplication&ref=search HTTP/1.1" 302 56
2020-07-18 16:18:20,152 [DEBUG] - http://app.mi.com:80 "GET / HTTP/1.1" 200 None
2020-07-18 16:20:55,192 [INFO] - [init] - Decode the AndroidManifest.xml file Successfully！
2020-07-18 16:20:55,906 [INFO] - [init] - Decompile the dex file Successfully.
2020-07-18 16:20:55,909 [INFO] - - [VulScanEngine]存在任意数据备份漏洞
2020-07-18 16:20:55,909 [INFO] - - [VulScanEngine]应用不可被调试->安全
2020-07-18 16:20:55,916 [DEBUG] - Starting new HTTP connection (1): app.mi.com:80
2020-07-18 16:20:55,990 [DEBUG] - http://app.mi.com:80 "GET /details?id=fridatest.test.com.myapplication&ref=search HTTP/1.1" 302 56
2020-07-18 16:20:56,058 [DEBUG] - http://app.mi.com:80 "GET / HTTP/1.1" 200 None
2020-07-18 16:20:56,066 [DEBUG] - Starting new HTTP connection (1): app.mi.com:80
2020-07-18 16:20:56,151 [DEBUG] - http://app.mi.com:80 "GET /details?id=fridatest.test.com.myapplication&ref=search HTTP/1.1" 302 56
2020-07-18 16:20:56,225 [DEBUG] - http://app.mi.com:80 "GET / HTTP/1.1" 200 None
2020-07-18 16:23:02,750 [INFO] - [init] - Decode the AndroidManifest.xml file Successfully！
2020-07-18 16:23:03,349 [INFO] - [init] - Decompile the dex file Successfully.
2020-07-18 16:23:03,353 [INFO] - - [VulScanEngine]存在任意数据备份漏洞
2020-07-18 16:23:03,353 [INFO] - - [VulScanEngine]应用不可被调试->安全
2020-07-18 16:23:03,360 [DEBUG] - Starting new HTTP connection (1): app.mi.com:80
2020-07-18 16:23:03,452 [DEBUG] - http://app.mi.com:80 "GET /details?id=fridatest.test.com.myapplication&ref=search HTTP/1.1" 302 56
2020-07-18 16:23:03,529 [DEBUG] - http://app.mi.com:80 "GET / HTTP/1.1" 200 None
2020-07-18 16:23:03,537 [DEBUG] - Starting new HTTP connection (1): app.mi.com:80
2020-07-18 16:23:03,604 [DEBUG] - http://app.mi.com:80 "GET /details?id=fridatest.test.com.myapplication&ref=search HTTP/1.1" 302 56
2020-07-18 16:23:03,671 [DEBUG] - http://app.mi.com:80 "GET / HTTP/1.1" 200 None
2020-07-18 16:25:55,915 [INFO] - [init] - Decode the AndroidManifest.xml file Successfully！
2020-07-18 16:25:56,618 [INFO] - [init] - Decompile the dex file Successfully.
2020-07-18 16:25:56,622 [INFO] - - [VulScanEngine]存在任意数据备份漏洞
2020-07-18 16:25:56,622 [INFO] - - [VulScanEngine]应用不可被调试->安全
2020-07-18 16:25:56,629 [DEBUG] - Starting new HTTP connection (1): app.mi.com:80
2020-07-18 16:25:56,717 [DEBUG] - http://app.mi.com:80 "GET /details?id=fridatest.test.com.myapplication&ref=search HTTP/1.1" 302 56
2020-07-18 16:25:56,791 [DEBUG] - http://app.mi.com:80 "GET / HTTP/1.1" 200 None
2020-07-18 16:25:56,798 [DEBUG] - Starting new HTTP connection (1): app.mi.com:80
2020-07-18 16:25:56,866 [DEBUG] - http://app.mi.com:80 "GET /details?id=fridatest.test.com.myapplication&ref=search HTTP/1.1" 302 56
2020-07-18 16:25:56,930 [DEBUG] - http://app.mi.com:80 "GET / HTTP/1.1" 200 None
2020-07-18 16:28:13,754 [INFO] - [init] - Decode the AndroidManifest.xml file Successfully！
2020-07-18 16:28:14,465 [INFO] - [init] - Decompile the dex file Successfully.
2020-07-18 16:28:14,468 [INFO] - - [VulScanEngine]存在任意数据备份漏洞
2020-07-18 16:28:14,468 [INFO] - - [VulScanEngine]应用不可被调试->安全
2020-07-18 16:28:14,476 [DEBUG] - Starting new HTTP connection (1): app.mi.com:80
2020-07-18 16:28:14,582 [DEBUG] - http://app.mi.com:80 "GET /details?id=fridatest.test.com.myapplication&ref=search HTTP/1.1" 302 56
2020-07-18 16:28:14,653 [DEBUG] - http://app.mi.com:80 "GET / HTTP/1.1" 200 None
2020-07-18 16:28:14,661 [DEBUG] - Starting new HTTP connection (1): app.mi.com:80
2020-07-18 16:28:14,741 [DEBUG] - http://app.mi.com:80 "GET /details?id=fridatest.test.com.myapplication&ref=search HTTP/1.1" 302 56
2020-07-18 16:28:14,811 [DEBUG] - http://app.mi.com:80 "GET / HTTP/1.1" 200 None
2020-07-18 16:29:25,191 [INFO] - [init] - Decode the AndroidManifest.xml file Successfully！
2020-07-18 16:29:25,909 [INFO] - [init] - Decompile the dex file Successfully.
2020-07-18 16:29:25,912 [INFO] - - [VulScanEngine]存在任意数据备份漏洞
2020-07-18 16:29:25,912 [INFO] - - [VulScanEngine]应用不可被调试->安全
2020-07-18 16:29:25,919 [DEBUG] - Starting new HTTP connection (1): app.mi.com:80
2020-07-18 16:29:26,012 [DEBUG] - http://app.mi.com:80 "GET /details?id=fridatest.test.com.myapplication&ref=search HTTP/1.1" 302 56
2020-07-18 16:29:26,087 [DEBUG] - http://app.mi.com:80 "GET / HTTP/1.1" 200 None
2020-07-18 16:29:26,095 [DEBUG] - Starting new HTTP connection (1): app.mi.com:80
2020-07-18 16:29:26,162 [DEBUG] - http://app.mi.com:80 "GET /details?id=fridatest.test.com.myapplication&ref=search HTTP/1.1" 302 56
2020-07-18 16:29:26,227 [DEBUG] - http://app.mi.com:80 "GET / HTTP/1.1" 200 None
2020-07-18 16:34:23,931 [INFO] - [init] - Decode the AndroidManifest.xml file Successfully！
2020-07-18 16:34:24,660 [INFO] - [init] - Decompile the dex file Successfully.
2020-07-18 16:34:24,663 [INFO] - - [VulScanEngine]存在任意数据备份漏洞
2020-07-18 16:34:24,663 [INFO] - - [VulScanEngine]应用不可被调试->安全
2020-07-18 16:34:24,670 [DEBUG] - Starting new HTTP connection (1): app.mi.com:80
2020-07-18 16:34:24,745 [DEBUG] - http://app.mi.com:80 "GET /details?id=fridatest.test.com.myapplication&ref=search HTTP/1.1" 302 56
2020-07-18 16:34:24,815 [DEBUG] - http://app.mi.com:80 "GET / HTTP/1.1" 200 None
2020-07-18 16:34:24,823 [DEBUG] - Starting new HTTP connection (1): app.mi.com:80
2020-07-18 16:34:24,888 [DEBUG] - http://app.mi.com:80 "GET /details?id=fridatest.test.com.myapplication&ref=search HTTP/1.1" 302 56
2020-07-18 16:34:24,954 [DEBUG] - http://app.mi.com:80 "GET / HTTP/1.1" 200 None
2020-07-18 16:37:12,713 [INFO] - [init] - Decode the AndroidManifest.xml file Successfully！
2020-07-18 16:37:13,341 [INFO] - [init] - Decompile the dex file Successfully.
2020-07-18 16:37:13,344 [INFO] - - [VulScanEngine]存在任意数据备份漏洞
2020-07-18 16:37:13,344 [INFO] - - [VulScanEngine]应用不可被调试->安全
2020-07-18 16:37:13,352 [DEBUG] - Starting new HTTP connection (1): app.mi.com:80
2020-07-18 16:37:13,417 [DEBUG] - http://app.mi.com:80 "GET /details?id=fridatest.test.com.myapplication&ref=search HTTP/1.1" 302 56
2020-07-18 16:37:13,479 [DEBUG] - http://app.mi.com:80 "GET / HTTP/1.1" 200 None
2020-07-18 16:37:13,487 [DEBUG] - Starting new HTTP connection (1): app.mi.com:80
2020-07-18 16:37:13,588 [DEBUG] - http://app.mi.com:80 "GET /details?id=fridatest.test.com.myapplication&ref=search HTTP/1.1" 302 56
2020-07-18 16:37:13,662 [DEBUG] - http://app.mi.com:80 "GET / HTTP/1.1" 200 None
2020-07-18 16:39:12,395 [INFO] - [init] - Decode the AndroidManifest.xml file Successfully！
2020-07-18 16:39:13,052 [INFO] - [init] - Decompile the dex file Successfully.
2020-07-18 16:39:13,055 [INFO] - - [VulScanEngine]存在任意数据备份漏洞
2020-07-18 16:39:13,055 [INFO] - - [VulScanEngine]应用不可被调试->安全
2020-07-18 16:39:13,062 [DEBUG] - Starting new HTTP connection (1): app.mi.com:80
2020-07-18 16:39:13,136 [DEBUG] - http://app.mi.com:80 "GET /details?id=fridatest.test.com.myapplication&ref=search HTTP/1.1" 302 56
2020-07-18 16:39:13,199 [DEBUG] - http://app.mi.com:80 "GET / HTTP/1.1" 200 None
2020-07-18 16:39:13,208 [DEBUG] - Starting new HTTP connection (1): app.mi.com:80
2020-07-18 16:39:13,268 [DEBUG] - http://app.mi.com:80 "GET /details?id=fridatest.test.com.myapplication&ref=search HTTP/1.1" 302 56
2020-07-18 16:39:13,328 [DEBUG] - http://app.mi.com:80 "GET / HTTP/1.1" 200 None
2020-07-18 16:47:50,720 [INFO] - [init] - Decode the AndroidManifest.xml file Successfully！
2020-07-18 16:47:51,342 [INFO] - [init] - Decompile the dex file Successfully.
2020-07-18 16:47:51,352 [INFO] - - [VulScanEngine]存在任意数据备份漏洞
2020-07-18 16:47:51,352 [INFO] - - [VulScanEngine]应用不可被调试->安全
2020-07-18 16:47:51,368 [DEBUG] - Starting new HTTP connection (1): app.mi.com:80
2020-07-18 16:47:51,454 [DEBUG] - http://app.mi.com:80 "GET /details?id=fridatest.test.com.myapplication&ref=search HTTP/1.1" 302 56
2020-07-18 16:47:51,516 [DEBUG] - http://app.mi.com:80 "GET / HTTP/1.1" 200 None
2020-07-18 16:47:51,524 [DEBUG] - Starting new HTTP connection (1): app.mi.com:80
2020-07-18 16:47:51,591 [DEBUG] - http://app.mi.com:80 "GET /details?id=fridatest.test.com.myapplication&ref=search HTTP/1.1" 302 56
2020-07-18 16:47:51,656 [DEBUG] - http://app.mi.com:80 "GET / HTTP/1.1" 200 None
2020-07-18 17:02:11,498 [INFO] - [init] - Decode the AndroidManifest.xml file Successfully！
2020-07-18 17:02:12,173 [INFO] - [init] - Decompile the dex file Successfully.
2020-07-18 17:02:12,180 [INFO] - - [VulScanEngine]存在任意数据备份漏洞
2020-07-18 17:02:12,180 [INFO] - - [VulScanEngine]应用不可被调试->安全
2020-07-18 17:02:12,189 [DEBUG] - Starting new HTTP connection (1): app.mi.com:80
2020-07-18 17:02:12,298 [DEBUG] - http://app.mi.com:80 "GET /details?id=fridatest.test.com.myapplication&ref=search HTTP/1.1" 302 56
2020-07-18 17:02:12,374 [DEBUG] - http://app.mi.com:80 "GET / HTTP/1.1" 200 None
2020-07-18 17:02:12,383 [DEBUG] - Starting new HTTP connection (1): app.mi.com:80
2020-07-18 17:02:12,458 [DEBUG] - http://app.mi.com:80 "GET /details?id=fridatest.test.com.myapplication&ref=search HTTP/1.1" 302 56
2020-07-18 17:02:12,527 [DEBUG] - http://app.mi.com:80 "GET / HTTP/1.1" 200 None
2020-07-18 17:05:13,912 [INFO] - [init] - Decode the AndroidManifest.xml file Successfully！
2020-07-18 17:05:14,559 [INFO] - [init] - Decompile the dex file Successfully.
2020-07-18 17:05:14,565 [INFO] - - [VulScanEngine]存在任意数据备份漏洞
2020-07-18 17:05:14,565 [INFO] - - [VulScanEngine]应用不可被调试->安全
2020-07-18 17:05:14,573 [DEBUG] - Starting new HTTP connection (1): app.mi.com:80
2020-07-18 17:05:14,658 [DEBUG] - http://app.mi.com:80 "GET /details?id=fridatest.test.com.myapplication&ref=search HTTP/1.1" 302 56
2020-07-18 17:05:14,724 [DEBUG] - http://app.mi.com:80 "GET / HTTP/1.1" 200 None
2020-07-18 17:05:14,734 [DEBUG] - Starting new HTTP connection (1): app.mi.com:80
2020-07-18 17:05:14,813 [DEBUG] - http://app.mi.com:80 "GET /details?id=fridatest.test.com.myapplication&ref=search HTTP/1.1" 302 56
2020-07-18 17:05:14,881 [DEBUG] - http://app.mi.com:80 "GET / HTTP/1.1" 200 None
2020-07-18 17:10:39,553 [INFO] - [init] - Decode the AndroidManifest.xml file Successfully！
2020-07-18 17:10:40,227 [INFO] - [init] - Decompile the dex file Successfully.
2020-07-18 17:10:40,233 [INFO] - - [VulScanEngine]存在任意数据备份漏洞
2020-07-18 17:10:40,233 [INFO] - - [VulScanEngine]应用不可被调试->安全
2020-07-18 17:10:40,241 [DEBUG] - Starting new HTTP connection (1): app.mi.com:80
2020-07-18 17:10:40,301 [DEBUG] - http://app.mi.com:80 "GET /details?id=fridatest.test.com.myapplication&ref=search HTTP/1.1" 302 56
2020-07-18 17:10:40,510 [DEBUG] - http://app.mi.com:80 "GET / HTTP/1.1" 200 None
2020-07-18 17:10:40,518 [DEBUG] - Starting new HTTP connection (1): app.mi.com:80
2020-07-18 17:10:40,602 [DEBUG] - http://app.mi.com:80 "GET /details?id=fridatest.test.com.myapplication&ref=search HTTP/1.1" 302 56
2020-07-18 17:10:40,779 [DEBUG] - http://app.mi.com:80 "GET / HTTP/1.1" 200 None
2020-07-18 17:10:45,851 [INFO] - [init] - Decode the AndroidManifest.xml file Successfully！
2020-07-18 17:10:46,532 [INFO] - [init] - Decompile the dex file Successfully.
2020-07-18 17:10:46,535 [INFO] - - [VulScanEngine]存在任意数据备份漏洞
2020-07-18 17:10:46,535 [INFO] - - [VulScanEngine]应用不可被调试->安全
2020-07-18 17:10:46,542 [DEBUG] - Starting new HTTP connection (1): app.mi.com:80
2020-07-18 17:10:46,630 [DEBUG] - http://app.mi.com:80 "GET /details?id=fridatest.test.com.myapplication&ref=search HTTP/1.1" 302 56
2020-07-18 17:10:46,701 [DEBUG] - http://app.mi.com:80 "GET / HTTP/1.1" 200 None
2020-07-18 17:10:46,709 [DEBUG] - Starting new HTTP connection (1): app.mi.com:80
2020-07-18 17:10:46,801 [DEBUG] - http://app.mi.com:80 "GET /details?id=fridatest.test.com.myapplication&ref=search HTTP/1.1" 302 56
2020-07-18 17:10:46,885 [DEBUG] - http://app.mi.com:80 "GET / HTTP/1.1" 200 None
2020-07-18 17:12:11,265 [INFO] - [init] - Decode the AndroidManifest.xml file Successfully！
2020-07-18 17:12:11,902 [INFO] - [init] - Decompile the dex file Successfully.
2020-07-18 17:12:11,909 [INFO] - - [VulScanEngine]存在任意数据备份漏洞
2020-07-18 17:12:11,909 [INFO] - - [VulScanEngine]应用不可被调试->安全
2020-07-18 17:12:11,916 [DEBUG] - Starting new HTTP connection (1): app.mi.com:80
2020-07-18 17:12:11,981 [DEBUG] - http://app.mi.com:80 "GET /details?id=fridatest.test.com.myapplication&ref=search HTTP/1.1" 302 56
2020-07-18 17:12:12,045 [DEBUG] - http://app.mi.com:80 "GET / HTTP/1.1" 200 None
2020-07-18 17:12:12,054 [DEBUG] - Starting new HTTP connection (1): app.mi.com:80
2020-07-18 17:12:12,128 [DEBUG] - http://app.mi.com:80 "GET /details?id=fridatest.test.com.myapplication&ref=search HTTP/1.1" 302 56
2020-07-18 17:12:12,198 [DEBUG] - http://app.mi.com:80 "GET / HTTP/1.1" 200 None
2020-07-18 17:19:08,879 [INFO] - [init] - Decode the AndroidManifest.xml file Successfully！
2020-07-18 17:19:09,508 [INFO] - [init] - Decompile the dex file Successfully.
2020-07-18 17:19:09,512 [INFO] - - [VulScanEngine]存在任意数据备份漏洞
2020-07-18 17:19:09,512 [INFO] - - [VulScanEngine]应用不可被调试->安全
2020-07-18 17:19:09,519 [DEBUG] - Starting new HTTP connection (1): app.mi.com:80
2020-07-18 17:19:09,614 [DEBUG] - http://app.mi.com:80 "GET /details?id=fridatest.test.com.myapplication&ref=search HTTP/1.1" 302 56
2020-07-18 17:19:09,683 [DEBUG] - http://app.mi.com:80 "GET / HTTP/1.1" 200 None
2020-07-18 17:19:09,691 [DEBUG] - Starting new HTTP connection (1): app.mi.com:80
2020-07-18 17:19:09,766 [DEBUG] - http://app.mi.com:80 "GET /details?id=fridatest.test.com.myapplication&ref=search HTTP/1.1" 302 56
2020-07-18 17:19:09,840 [DEBUG] - http://app.mi.com:80 "GET / HTTP/1.1" 200 None
2020-07-18 17:23:07,483 [INFO] - [init] - Decode the AndroidManifest.xml file Successfully！
2020-07-18 17:23:08,004 [INFO] - [init] - Decompile the dex file Successfully.
2020-07-18 17:23:08,014 [INFO] - - [VulScanEngine]存在任意数据备份漏洞
2020-07-18 17:23:08,014 [INFO] - - [VulScanEngine]应用不可被调试->安全
2020-07-18 17:23:08,022 [DEBUG] - Starting new HTTP connection (1): app.mi.com:80
2020-07-18 17:23:08,089 [DEBUG] - http://app.mi.com:80 "GET /details?id=fridatest.test.com.myapplication&ref=search HTTP/1.1" 302 56
2020-07-18 17:23:08,154 [DEBUG] - http://app.mi.com:80 "GET / HTTP/1.1" 200 None
2020-07-18 17:23:08,163 [DEBUG] - Starting new HTTP connection (1): app.mi.com:80
2020-07-18 17:23:08,234 [DEBUG] - http://app.mi.com:80 "GET /details?id=fridatest.test.com.myapplication&ref=search HTTP/1.1" 302 56
2020-07-18 17:23:08,301 [DEBUG] - http://app.mi.com:80 "GET / HTTP/1.1" 200 None
2020-07-18 17:23:32,164 [INFO] - [init] - Decode the AndroidManifest.xml file Successfully！
2020-07-18 17:23:32,982 [INFO] - [init] - Decompile the dex file Successfully.
2020-07-18 17:23:32,987 [INFO] - - [VulScanEngine]存在任意数据备份漏洞
2020-07-18 17:23:32,987 [INFO] - - [VulScanEngine]应用不可被调试->安全
2020-07-18 17:23:32,995 [DEBUG] - Starting new HTTP connection (1): app.mi.com:80
2020-07-18 17:23:33,065 [DEBUG] - http://app.mi.com:80 "GET /details?id=fridatest.test.com.myapplication&ref=search HTTP/1.1" 302 56
2020-07-18 17:23:33,127 [DEBUG] - http://app.mi.com:80 "GET / HTTP/1.1" 200 None
2020-07-18 17:23:33,136 [DEBUG] - Starting new HTTP connection (1): app.mi.com:80
2020-07-18 17:23:33,194 [DEBUG] - http://app.mi.com:80 "GET /details?id=fridatest.test.com.myapplication&ref=search HTTP/1.1" 302 56
2020-07-18 17:23:33,254 [DEBUG] - http://app.mi.com:80 "GET / HTTP/1.1" 200 None
2020-07-18 17:24:33,231 [INFO] - [init] - Decode the AndroidManifest.xml file Successfully！
2020-07-18 17:24:33,923 [INFO] - [init] - Decompile the dex file Successfully.
2020-07-18 17:24:33,930 [INFO] - - [VulScanEngine]存在任意数据备份漏洞
2020-07-18 17:24:33,930 [INFO] - - [VulScanEngine]应用不可被调试->安全
2020-07-18 17:24:33,937 [DEBUG] - Starting new HTTP connection (1): app.mi.com:80
2020-07-18 17:24:34,019 [DEBUG] - http://app.mi.com:80 "GET /details?id=fridatest.test.com.myapplication&ref=search HTTP/1.1" 302 56
2020-07-18 17:24:34,089 [DEBUG] - http://app.mi.com:80 "GET / HTTP/1.1" 200 None
2020-07-18 17:24:34,098 [DEBUG] - Starting new HTTP connection (1): app.mi.com:80
2020-07-18 17:24:34,172 [DEBUG] - http://app.mi.com:80 "GET /details?id=fridatest.test.com.myapplication&ref=search HTTP/1.1" 302 56
2020-07-18 17:24:34,240 [DEBUG] - http://app.mi.com:80 "GET / HTTP/1.1" 200 None
2020-07-18 17:25:25,326 [INFO] - [init] - Decode the AndroidManifest.xml file Successfully！
2020-07-18 17:25:26,019 [INFO] - [init] - Decompile the dex file Successfully.
2020-07-18 17:25:26,025 [INFO] - - [VulScanEngine]存在任意数据备份漏洞
2020-07-18 17:25:26,025 [INFO] - - [VulScanEngine]应用不可被调试->安全
2020-07-18 17:25:26,033 [DEBUG] - Starting new HTTP connection (1): app.mi.com:80
2020-07-18 17:25:26,112 [DEBUG] - http://app.mi.com:80 "GET /details?id=fridatest.test.com.myapplication&ref=search HTTP/1.1" 302 56
2020-07-18 17:25:26,189 [DEBUG] - http://app.mi.com:80 "GET / HTTP/1.1" 200 None
2020-07-18 17:25:26,198 [DEBUG] - Starting new HTTP connection (1): app.mi.com:80
2020-07-18 17:25:26,268 [DEBUG] - http://app.mi.com:80 "GET /details?id=fridatest.test.com.myapplication&ref=search HTTP/1.1" 302 56
2020-07-18 17:25:26,333 [DEBUG] - http://app.mi.com:80 "GET / HTTP/1.1" 200 None
2020-07-18 17:28:07,740 [INFO] - [init] - Decode the AndroidManifest.xml file Successfully！
2020-07-18 17:28:08,434 [INFO] - [init] - Decompile the dex file Successfully.
2020-07-18 17:28:08,439 [INFO] - - [VulScanEngine]存在任意数据备份漏洞
2020-07-18 17:28:08,439 [INFO] - - [VulScanEngine]应用不可被调试->安全
2020-07-18 17:28:08,447 [DEBUG] - Starting new HTTP connection (1): app.mi.com:80
2020-07-18 17:28:08,527 [DEBUG] - http://app.mi.com:80 "GET /details?id=fridatest.test.com.myapplication&ref=search HTTP/1.1" 302 56
2020-07-18 17:28:08,598 [DEBUG] - http://app.mi.com:80 "GET / HTTP/1.1" 200 None
2020-07-18 17:28:08,606 [DEBUG] - Starting new HTTP connection (1): app.mi.com:80
2020-07-18 17:28:08,667 [DEBUG] - http://app.mi.com:80 "GET /details?id=fridatest.test.com.myapplication&ref=search HTTP/1.1" 302 56
2020-07-18 17:28:08,729 [DEBUG] - http://app.mi.com:80 "GET / HTTP/1.1" 200 None
2020-07-18 17:30:38,968 [INFO] - [init] - Decode the AndroidManifest.xml file Successfully！
2020-07-18 17:30:39,721 [INFO] - [init] - Decompile the dex file Successfully.
2020-07-18 17:30:39,724 [INFO] - - [VulScanEngine]存在任意数据备份漏洞
2020-07-18 17:30:39,724 [INFO] - - [VulScanEngine]应用不可被调试->安全
2020-07-18 17:30:39,731 [DEBUG] - Starting new HTTP connection (1): app.mi.com:80
2020-07-18 17:30:39,807 [DEBUG] - http://app.mi.com:80 "GET /details?id=fridatest.test.com.myapplication&ref=search HTTP/1.1" 302 56
2020-07-18 17:30:39,871 [DEBUG] - http://app.mi.com:80 "GET / HTTP/1.1" 200 None
2020-07-18 17:30:39,879 [DEBUG] - Starting new HTTP connection (1): app.mi.com:80
2020-07-18 17:30:39,945 [DEBUG] - http://app.mi.com:80 "GET /details?id=fridatest.test.com.myapplication&ref=search HTTP/1.1" 302 56
2020-07-18 17:30:40,011 [DEBUG] - http://app.mi.com:80 "GET / HTTP/1.1" 200 None
2020-07-18 17:31:05,310 [INFO] - [init] - Decode the AndroidManifest.xml file Successfully！
2020-07-18 17:31:05,934 [INFO] - [init] - Decompile the dex file Successfully.
2020-07-18 17:31:05,936 [INFO] - - [VulScanEngine]存在任意数据备份漏洞
2020-07-18 17:31:05,936 [INFO] - - [VulScanEngine]应用不可被调试->安全
2020-07-18 17:31:05,943 [DEBUG] - Starting new HTTP connection (1): app.mi.com:80
2020-07-18 17:31:06,012 [DEBUG] - http://app.mi.com:80 "GET /details?id=fridatest.test.com.myapplication&ref=search HTTP/1.1" 302 56
2020-07-18 17:31:06,080 [DEBUG] - http://app.mi.com:80 "GET / HTTP/1.1" 200 None
2020-07-18 17:31:06,094 [DEBUG] - Starting new HTTP connection (1): app.mi.com:80
2020-07-18 17:31:06,185 [DEBUG] - http://app.mi.com:80 "GET /details?id=fridatest.test.com.myapplication&ref=search HTTP/1.1" 302 56
2020-07-18 17:31:06,260 [DEBUG] - http://app.mi.com:80 "GET / HTTP/1.1" 200 None
